2020-09-10 15:55:42 [scrapy.utils.log] INFO: Scrapy 1.8.0 started (bot: first)
2020-09-10 15:55:42 [scrapy.utils.log] INFO: Versions: lxml 4.5.2.0, libxml2 2.9.10, cssselect 1.1.0, parsel 1.5.2, w3lib 1.21.0, Twisted 20.3.0, Python 3.8.3 (default, May 19 2020, 18:47:26) - [GCC 7.3.0], pyOpenSSL 19.1.0 (OpenSSL 1.1.1g  21 Apr 2020), cryptography 2.9.2, Platform Linux-5.4.0-45-generic-x86_64-with-glibc2.10
2020-09-10 15:55:42 [scrapy.crawler] INFO: Overridden settings: {'BOT_NAME': 'first', 'FEED_URI': 'file:///home/zhangmeng/myproject/python%E8%BF%9B%E9%98%B6%E5%AD%A6%E4%B9%A0/%E7%88%AC%E8%99%AB/scrapyd_p/scrapyd_first/scrapyd/items/myproject/quotes/0494d7ecf33b11ea954d3c918041c941.jl', 'LOG_FILE': './scrapyd/logs/myproject/quotes/0494d7ecf33b11ea954d3c918041c941.log', 'NEWSPIDER_MODULE': 'first.spiders', 'SPIDER_MODULES': ['first.spiders'], 'USER_AGENT': 'Mozilla/5.0 (X11; Linux x86_64) AppleWebKit/537.36 (KHTML, like Gecko) Chrome/84.0.4147.105 Safari/537.36'}
2020-09-10 15:55:42 [scrapy.extensions.telnet] INFO: Telnet Password: 3f13741fa76aabb2
2020-09-10 15:55:42 [scrapy.middleware] INFO: Enabled extensions:
['scrapy.extensions.corestats.CoreStats',
 'scrapy.extensions.telnet.TelnetConsole',
 'scrapy.extensions.memusage.MemoryUsage',
 'scrapy.extensions.feedexport.FeedExporter',
 'scrapy.extensions.logstats.LogStats']
2020-09-10 15:55:42 [scrapy.middleware] INFO: Enabled downloader middlewares:
['scrapy.downloadermiddlewares.httpauth.HttpAuthMiddleware',
 'scrapy.downloadermiddlewares.downloadtimeout.DownloadTimeoutMiddleware',
 'scrapy.downloadermiddlewares.defaultheaders.DefaultHeadersMiddleware',
 'scrapy.downloadermiddlewares.useragent.UserAgentMiddleware',
 'scrapy.downloadermiddlewares.retry.RetryMiddleware',
 'scrapy.downloadermiddlewares.redirect.MetaRefreshMiddleware',
 'scrapy.downloadermiddlewares.httpcompression.HttpCompressionMiddleware',
 'scrapy.downloadermiddlewares.redirect.RedirectMiddleware',
 'first.md.Md1',
 'first.md.Md2',
 'scrapy.downloadermiddlewares.cookies.CookiesMiddleware',
 'scrapy.downloadermiddlewares.httpproxy.HttpProxyMiddleware',
 'scrapy.downloadermiddlewares.stats.DownloaderStats']
2020-09-10 15:55:42 [scrapy.middleware] INFO: Enabled spider middlewares:
['scrapy.spidermiddlewares.httperror.HttpErrorMiddleware',
 'scrapy.spidermiddlewares.offsite.OffsiteMiddleware',
 'first.sd.Sd1',
 'first.sd.Sd2',
 'scrapy.spidermiddlewares.referer.RefererMiddleware',
 'scrapy.spidermiddlewares.urllength.UrlLengthMiddleware',
 'scrapy.spidermiddlewares.depth.DepthMiddleware']
2020-09-10 15:55:42 [scrapy.middleware] INFO: Enabled item pipelines:
[]
2020-09-10 15:55:42 [scrapy.core.engine] INFO: Spider opened
2020-09-10 15:55:42 [scrapy.utils.signal] ERROR: Error caught on signal handler: <bound method FeedExporter.open_spider of <scrapy.extensions.feedexport.FeedExporter object at 0x7fca0fcd2f70>>
Traceback (most recent call last):
  File "/home/zhangmeng/anaconda3/envs/package_learn/lib/python3.8/site-packages/twisted/internet/defer.py", line 151, in maybeDeferred
    result = f(*args, **kw)
  File "/home/zhangmeng/anaconda3/envs/package_learn/lib/python3.8/site-packages/pydispatch/robustapply.py", line 55, in robustApply
    return receiver(*arguments, **named)
  File "/home/zhangmeng/anaconda3/envs/package_learn/lib/python3.8/site-packages/scrapy/extensions/feedexport.py", line 232, in open_spider
    uri = self.urifmt % self._get_uri_params(spider)
TypeError: must be real number, not dict
2020-09-10 15:55:42 [scrapy.extensions.logstats] INFO: Crawled 0 pages (at 0 pages/min), scraped 0 items (at 0 items/min)
2020-09-10 15:55:42 [quotes] INFO: Spider opened: quotes
2020-09-10 15:55:42 [quotes] INFO: Spider opened: quotes
2020-09-10 15:55:42 [scrapy.extensions.telnet] INFO: Telnet console listening on 127.0.0.1:6023
2020-09-10 15:55:42 [scrapy.core.engine] DEBUG: Crawled (200) <GET http://quotes.toscrape.com/page/1/> (referer: None)
2020-09-10 15:55:42 [scrapy.core.engine] INFO: Closing spider (finished)
2020-09-10 15:55:42 [scrapy.utils.signal] ERROR: Error caught on signal handler: <bound method FeedExporter.close_spider of <scrapy.extensions.feedexport.FeedExporter object at 0x7fca0fcd2f70>>
Traceback (most recent call last):
  File "/home/zhangmeng/anaconda3/envs/package_learn/lib/python3.8/site-packages/twisted/internet/defer.py", line 151, in maybeDeferred
    result = f(*args, **kw)
  File "/home/zhangmeng/anaconda3/envs/package_learn/lib/python3.8/site-packages/pydispatch/robustapply.py", line 55, in robustApply
    return receiver(*arguments, **named)
  File "/home/zhangmeng/anaconda3/envs/package_learn/lib/python3.8/site-packages/scrapy/extensions/feedexport.py", line 243, in close_spider
    slot = self.slot
AttributeError: 'FeedExporter' object has no attribute 'slot'
2020-09-10 15:55:42 [scrapy.statscollectors] INFO: Dumping Scrapy stats:
{'downloader/request_bytes': 299,
 'downloader/request_count': 1,
 'downloader/request_method_count/GET': 1,
 'downloader/response_bytes': 2342,
 'downloader/response_count': 1,
 'downloader/response_status_count/200': 1,
 'elapsed_time_seconds': 0.780619,
 'finish_reason': 'finished',
 'finish_time': datetime.datetime(2020, 9, 10, 7, 55, 42, 989501),
 'log_count/DEBUG': 1,
 'log_count/ERROR': 2,
 'log_count/INFO': 12,
 'memusage/max': 61079552,
 'memusage/startup': 61079552,
 'response_received_count': 1,
 'scheduler/dequeued': 1,
 'scheduler/dequeued/memory': 1,
 'scheduler/enqueued': 1,
 'scheduler/enqueued/memory': 1,
 'start_time': datetime.datetime(2020, 9, 10, 7, 55, 42, 208882)}
2020-09-10 15:55:42 [scrapy.core.engine] INFO: Spider closed (finished)
